<?xml version="1.0" encoding="UTF-8"?>
<testsuite name="tests.LoginTests" tests="5" skipped="0" failures="0" errors="0" timestamp="2023-03-25T11:49:57" hostname="LAPTOP-AKMCIEGD" time="15.104">
  <properties/>
  <testcase name="loginSuccess" classname="tests.LoginTests" time="1.48"/>
  <testcase name="loginSuccess1" classname="tests.LoginTests" time="0.744"/>
  <testcase name="loginSuccessModel" classname="tests.LoginTests" time="0.728"/>
  <testcase name="loginWrongEmail" classname="tests.LoginTests" time="0.41"/>
  <testcase name="loginWrongPassword" classname="tests.LoginTests" time="1.28"/>
  <system-out><![CDATA[It'snot look like email
]]></system-out>
  <system-err><![CDATA[]]></system-err>
</testsuite>
