<?xml version="1.0" encoding="UTF-8"?>
<testsuite name="tests.LoginTests" tests="1" skipped="0" failures="0" errors="0" timestamp="2023-03-20T13:08:09" hostname="LAPTOP-AKMCIEGD" time="0.582">
  <properties/>
  <testcase name="loginSuccess" classname="tests.LoginTests" time="0.582"/>
  <system-out><![CDATA[]]></system-out>
  <system-err><![CDATA[]]></system-err>
</testsuite>
