<?xml version="1.0" encoding="UTF-8"?>
<testsuite name="tests.SearchCarTests" tests="4" skipped="0" failures="0" errors="0" timestamp="2023-05-02T06:34:35" hostname="LAPTOP-AKMCIEGD" time="13.169">
  <properties/>
  <testcase name="negativeSearch" classname="tests.SearchCarTests" time="1.711"/>
  <testcase name="searchAnyPeriodSuccess" classname="tests.SearchCarTests" time="4.5"/>
  <testcase name="searchCurrentMonthSuccess" classname="tests.SearchCarTests" time="2.983"/>
  <testcase name="searchCurrentYearSuccess" classname="tests.SearchCarTests" time="3.248"/>
  <system-out><![CDATA[09:34:35.609  INFO  tests.TestBase - Name on method -->negativeSearch
Windows 11
09:34:37.555  INFO  tests.TestBase - Name on method -->searchAnyPeriodSuccess
Windows 11
09:34:42.289  INFO  tests.TestBase - Name on method -->searchCurrentMonthSuccess
Windows 11
09:34:45.569  INFO  tests.TestBase - Name on method -->searchCurrentYearSuccess
Windows 11
2023-05-02
]]></system-out>
  <system-err><![CDATA[]]></system-err>
</testsuite>
