<?xml version="1.0" encoding="UTF-8"?>
<testsuite name="tests.RegistrationTests" tests="1" skipped="0" failures="0" errors="0" timestamp="2023-03-27T17:17:42" hostname="LAPTOP-AKMCIEGD" time="2.088">
  <properties/>
  <testcase name="registrationSuccess" classname="tests.RegistrationTests" time="2.088"/>
  <system-out><![CDATA[389
1679937462813
Wright screen -->
]]></system-out>
  <system-err><![CDATA[]]></system-err>
</testsuite>
