<?xml version="1.0" encoding="UTF-8"?>
<testsuite name="tests.LoginTests" tests="2" skipped="0" failures="0" errors="0" timestamp="2023-03-20T18:13:39" hostname="LAPTOP-AKMCIEGD" time="2.51">
  <properties/>
  <testcase name="loginSuccess" classname="tests.LoginTests" time="1.508"/>
  <testcase name="loginSuccessModel" classname="tests.LoginTests" time="0.799"/>
  <system-out><![CDATA[]]></system-out>
  <system-err><![CDATA[]]></system-err>
</testsuite>
